
────────────────────────────────────────
  ENV
────────────────────────────────────────
[19:42:43] kernel: 5.15.0-86-generic
[19:42:43] user: root
[19:42:43] iface: wlp8s0
[19:42:43] hook: TC ingress (clsact qdisc) — replaces XDP for lo/wifi compatibility

  CMD: ls -lh /tmp/xdp_firewall.o
-rw-rw-r-- 1 slim slim 29K Mar  4 19:42 /tmp/xdp_firewall.o
  EXIT: 0

  CMD: ls -lh /tmp/axon
-rwxr-xr-x 1 root root 15M Mar  4 19:40 /tmp/axon
  EXIT: 0

  CMD: ls -lh /tmp/axond
-rwxr-xr-x 1 root root 21M Mar  4 19:40 /tmp/axond
  EXIT: 0

────────────────────────────────────────
  STEP 13a — rebuild binaries
────────────────────────────────────────
  ✅ axond built
  ✅ axon built

────────────────────────────────────────
  STEP 13b — interface exists + TC state (pre-attach)
────────────────────────────────────────

  CMD: ip link show wlp8s0
3: wlp8s0: <BROADCAST,MULTICAST,UP,LOWER_UP> mtu 1500 qdisc noqueue state UP mode DORMANT group default qlen 1000
    link/ether 18:26:49:43:62:41 brd ff:ff:ff:ff:ff:ff
  EXIT: 0

  CMD: ip link show lo
1: lo: <LOOPBACK,UP,LOWER_UP> mtu 65536 qdisc noqueue state UNKNOWN mode DEFAULT group default qlen 1000
    link/loopback 00:00:00:00:00:00 brd 00:00:00:00:00:00
  EXIT: 0

  TC filters on wlp8s0 before attach:

  TC filters on lo before attach:

────────────────────────────────────────
  STEP 13c — bpf filesystem
────────────────────────────────────────

  CMD: ls /sys/fs/bpf/
  EXIT: 0
  ✅ bpffs already mounted

────────────────────────────────────────
  STEP 13d — kill stale + prep
────────────────────────────────────────
  ✅ stale state cleared

────────────────────────────────────────
  STEP 13e — start daemon (TC BPF will attach on first rule)
────────────────────────────────────────
[2026-03-04T19:42:44.601+01:00] INFO  [main] Starting axon daemon v1.0.0
[2026-03-04T19:42:44.601+01:00] INFO  [main] gRPC: unix:///run/axon/daemon.sock | Log server: 127.0.0.1:5000 | BPF: /tmp/xdp_firewall.o
[2026-03-04T19:42:44.616+01:00] INFO  [daemon] axon daemon v1.0.0 starting...
[2026-03-04T19:42:44.616+01:00] INFO  [daemon] Cold start: loading rules from storage...
[2026-03-04T19:42:44.616+01:00] INFO  [l7] L7 engine started on NFQUEUE 1
[2026-03-04T19:42:44.616+01:00] INFO  [daemon] Daemon started successfully
[2026-03-04T19:42:44.616+01:00] INFO  [daemon] Log endpoint set to: 127.0.0.1:5000
[2026-03-04T19:42:44.617+01:00] INFO  [daemon] Ring buffer poller started
[2026-03-04T19:42:44.619+01:00] INFO  [grpc] gRPC server listening on unix:///run/axon/daemon.sock
[2026-03-04T19:42:44.619+01:00] INFO  [log-server] Log server listening on 127.0.0.1:5000
  ✅ daemon alive PID=239919

────────────────────────────────────────
  STEP 13f — status (no interfaces yet, cold start)
────────────────────────────────────────

  CMD: sudo /tmp/axon --socket unix:///run/axon/daemon.sock status

🔥 axon v1.0.0
   Mode:         allow-all
   Total rules:  0
   Log endpoint: 127.0.0.1:5000

   No interfaces configured.
  EXIT: 0

────────────────────────────────────────
  STEP 13g — add rule on loopback, verify TC attach
────────────────────────────────────────

  CMD: sudo /tmp/axon --socket unix:///run/axon/daemon.sock add 127.0.0.1 -i lo
✅ Rule added: 127.0.0.1 on lo (block)
  EXIT: 0

  TC qdisc on lo:

  CMD: tc qdisc show dev lo
qdisc noqueue 0: root refcnt 2 
  EXIT: 0

  TC filters on lo (expect axon_tc_firewall):

  CMD: tc filter show dev lo ingress
  EXIT: 0
  ❌ TC BPF filter NOT found on lo — check daemon logs

────────────────────────────────────────
  STEP 13h — verify BPF pins
────────────────────────────────────────

  CMD: ls -la /sys/fs/bpf/axon/
total 0
drwx------ 2 root root 0 Mar  4 19:42 .
drwxrwxrwt 3 root root 0 Mar  4 19:42 ..
-rw------- 1 root root 0 Mar  4 19:42 blocked_ip_map
-rw------- 1 root root 0 Mar  4 19:42 events
-rw------- 1 root root 0 Mar  4 19:42 mode_map
-rw------- 1 root root 0 Mar  4 19:42 shared_ip_map
-rw------- 1 root root 0 Mar  4 19:42 tentative_map
  EXIT: 0

  Expected pins: blocked_ip_map, tentative_map, shared_ip_map, mode_map, events, tc_lo

────────────────────────────────────────
  STEP 13i — ping test on loopback (block-all mode)
────────────────────────────────────────
  Ping before block-all (expect success — allow-all is default):

  CMD: ping -c 2 -W 1 127.0.0.1
PING 127.0.0.1 (127.0.0.1) 56(84) bytes of data.
64 bytes from 127.0.0.1: icmp_seq=1 ttl=64 time=0.118 ms
64 bytes from 127.0.0.1: icmp_seq=2 ttl=64 time=0.182 ms

--- 127.0.0.1 ping statistics ---
2 packets transmitted, 2 received, 0% packet loss, time 1030ms
rtt min/avg/max/mdev = 0.118/0.150/0.182/0.032 ms
  EXIT: 0

  Switching to block-all mode...

  CMD: sudo /tmp/axon --socket unix:///run/axon/daemon.sock mode block-all
[2026-03-04T19:42:48.698+01:00] INFO  [daemon] Mode set to block-all on 
✅ Mode set to block-all on all
  EXIT: 0

  Ping in block-all mode (expect FAIL — TC filter should drop):
PING 127.0.0.1 (127.0.0.1) 56(84) bytes of data.
64 bytes from 127.0.0.1: icmp_seq=1 ttl=64 time=0.024 ms
64 bytes from 127.0.0.1: icmp_seq=2 ttl=64 time=0.060 ms

--- 127.0.0.1 ping statistics ---
2 packets transmitted, 2 received, 0% packet loss, time 1007ms
rtt min/avg/max/mdev = 0.024/0.042/0.060/0.018 ms
  ❌ Ping succeeded — TC filter is NOT dropping packets (exit 0)

────────────────────────────────────────
  STEP 13j — restore allow-all, verify ping recovers
────────────────────────────────────────

  CMD: sudo /tmp/axon --socket unix:///run/axon/daemon.sock mode allow-all
[2026-03-04T19:42:50.731+01:00] INFO  [daemon] Mode set to allow-all on 
✅ Mode set to allow-all on all
  EXIT: 0
  Ping after restore (expect success):

  CMD: ping -c 2 -W 1 127.0.0.1
PING 127.0.0.1 (127.0.0.1) 56(84) bytes of data.
64 bytes from 127.0.0.1: icmp_seq=1 ttl=64 time=0.082 ms
64 bytes from 127.0.0.1: icmp_seq=2 ttl=64 time=0.075 ms

--- 127.0.0.1 ping statistics ---
2 packets transmitted, 2 received, 0% packet loss, time 1020ms
rtt min/avg/max/mdev = 0.075/0.078/0.082/0.003 ms
  EXIT: 0

  CMD: sudo /tmp/axon --socket unix:///run/axon/daemon.sock remove 127.0.0.1 -i lo
[2026-03-04T19:42:52.803+01:00] INFO  [daemon] Removed explicit IP 127.0.0.1 from lo
✅ Rule removed: 127.0.0.1 from lo
  EXIT: 0

  TC filters on lo after remove:

────────────────────────────────────────
  STEP 13k — attach on real interface wlp8s0
────────────────────────────────────────

  CMD: sudo /tmp/axon --socket unix:///run/axon/daemon.sock add 1.2.3.4 -i wlp8s0
✅ Rule added: 1.2.3.4 on wlp8s0 (block)
  EXIT: 0

  TC qdisc on wlp8s0:

  CMD: tc qdisc show dev wlp8s0
qdisc noqueue 0: root refcnt 2 
  EXIT: 0

  TC filters on wlp8s0 (expect axon_tc_firewall):

  CMD: tc filter show dev wlp8s0 ingress
  EXIT: 0
  ❌ TC BPF filter NOT found on wlp8s0

  CMD: sudo /tmp/axon --socket unix:///run/axon/daemon.sock list
TARGET   INTERFACE  TYPE   ENTRY        RESOLVED IPs
──────   ─────────  ────   ─────        ────────────
1.2.3.4  wlp8s0     block  explicit-ip  -
  EXIT: 0

  CMD: sudo /tmp/axon --socket unix:///run/axon/daemon.sock status

🔥 axon v1.0.0
   Mode:         allow-all
   Total rules:  1
   Log endpoint: 127.0.0.1:5000

   INTERFACE  EXPLICIT IPs  FQDNs  TENTATIVE  SHARED L7  XDP
   ─────────  ────────────  ─────  ─────────  ─────────  ───
   lo         0             0      0          0          ✅
   wlp8s0     1             0      0          0          ✅

  EXIT: 0

────────────────────────────────────────
  STEP 13l — note on ip link vs tc
────────────────────────────────────────

  NOTE: 'ip link show' no longer shows hook state (that was XDP-specific).
  Use 'tc filter show dev <iface> ingress' to verify attachment.


  CMD: ip link show wlp8s0
3: wlp8s0: <BROADCAST,MULTICAST,UP,LOWER_UP> mtu 1500 qdisc noqueue state UP mode DORMANT group default qlen 1000
    link/ether 18:26:49:43:62:41 brd ff:ff:ff:ff:ff:ff
  EXIT: 0

  TC filter check (canonical verification):

  CMD: tc filter show dev wlp8s0 ingress
  EXIT: 0

────────────────────────────────────────
  CLEANUP
────────────────────────────────────────
[2026-03-04T19:42:54.919+01:00] INFO  [main] Received signal terminated, shutting down...
[2026-03-04T19:42:54.919+01:00] ERROR [l7] NFQUEUE error: netlink receive: use of closed file
[2026-03-04T19:42:54.919+01:00] INFO  [daemon] Daemon stopped
[2026-03-04T19:42:54.919+01:00] INFO  [main] Shutdown complete
  TC state after daemon stop:
  ✅ TC filter detached from lo
  ✅ TC filter detached from wlp8s0

  ✅ done
